<?xml version="1.0" encoding="UTF-8"?>
<!-- Generated by org.testng.reporters.JUnitReportReporter -->
<testsuite hostname="DESKTOP-69HE2CC" failures="0" tests="3" name="UITests.BaseTest" time="23.195" errors="0" timestamp="2022-05-24T12:05:58 COT" skipped="0">
  <testcase classname="UITests.BaseTest" name="createList" time="5.808"/>
  <system-out/>
  <testcase classname="UITests.BaseTest" name="addItemToList" time="11.012"/>
  <system-out/>
  <testcase classname="UITests.BaseTest" name="deleteMovie" time="6.375"/>
  <system-out/>
</testsuite> <!-- UITests.BaseTest -->
